{"uuid":"6b0ccde1-273c-4bfd-9115-bb465479a162","historyId":"8b7ab946703d64a3f5c92a160b152f04","testCaseId":"9665ee7d447f62e554ee0868c52b2236","fullName":"src/test/resources/features/orangeHRM.feature:14","labels":[{"name":"tag","value":"Orange"},{"name":"host","value":"Divya"},{"name":"thread","value":"14064@Divya.TestNG-PoolService-4(30)"},{"name":"feature","value":"Orange HRM application cases"},{"name":"story","value":"Login with Valid credentials and verify the homePage contains Invalid Tab Name"},{"name":"suite","value":"Orange HRM application cases"},{"name":"testClass","value":"Login with Valid credentials and verify the homePage contains Invalid Tab Name"},{"name":"framework","value":"cucumber4jvm"},{"name":"language","value":"java"},{"name":"gherkin_uri","value":"file:///D:/Learning/SeleniumByAmuthan/CucumberJavaFrameworkDocker/src/test/resources/features/orangeHRM.feature"},{"name":"package","value":"src.test.resources.features.orangeHRM_feature.Orange HRM application cases"}],"links":[],"name":"Login with Valid credentials and verify the homePage contains Invalid Tab Name","status":"failed","statusDetails":{"known":false,"muted":false,"flaky":false,"message":"Invalid Tab Name is not Displayed","trace":"java.lang.AssertionError: Invalid Tab Name is not Displayed\r\n\tat org.testng.Assert.fail(Assert.java:111)\r\n\tat utils.AllureManager.fail(AllureManager.java:41)\r\n\tat stepDefinitions.HomePageStepDef.userValidatesTheHomapageContains(HomePageStepDef.java:47)\r\n\tat ✽.user validates the Homapage contains Invalid Tab Name(file:///D:/Learning/SeleniumByAmuthan/CucumberJavaFrameworkDocker/src/test/resources/features/orangeHRM.feature:7)\r\n"},"stage":"finished","steps":[{"name":"Given user is on login page","status":"passed","statusDetails":{"known":false,"muted":false,"flaky":false},"stage":"finished","steps":[],"attachments":[],"parameters":[],"start":1757164391128,"stop":1757164391131},{"name":"When user enters Admin and admin123 and clicks on Login buttton","status":"passed","statusDetails":{"known":false,"muted":false,"flaky":false},"stage":"finished","steps":[{"name":"User will now enter userName and Password","status":"broken","stage":"finished","steps":[],"attachments":[],"parameters":[],"start":1757164391135,"stop":1757164391135},{"name":"User successfully entered the user name and password.","status":"passed","stage":"finished","steps":[],"attachments":[],"parameters":[],"start":1757164396328,"stop":1757164396328}],"attachments":[],"parameters":[],"start":1757164391131,"stop":1757164396329},{"name":"And user validates the Home Page Title","status":"passed","statusDetails":{"known":false,"muted":false,"flaky":false},"stage":"finished","steps":[],"attachments":[],"parameters":[],"start":1757164396330,"stop":1757164398269},{"name":"Then user validates the Homapage contains Invalid Tab Name","status":"failed","statusDetails":{"known":false,"muted":false,"flaky":false,"message":"Invalid Tab Name is not Displayed","trace":"java.lang.AssertionError: Invalid Tab Name is not Displayed\r\n\tat org.testng.Assert.fail(Assert.java:111)\r\n\tat utils.AllureManager.fail(AllureManager.java:41)\r\n\tat stepDefinitions.HomePageStepDef.userValidatesTheHomapageContains(HomePageStepDef.java:47)\r\n\tat ✽.user validates the Homapage contains Invalid Tab Name(file:///D:/Learning/SeleniumByAmuthan/CucumberJavaFrameworkDocker/src/test/resources/features/orangeHRM.feature:7)\r\n"},"stage":"finished","steps":[{"name":"no such element: Unable to locate element: {\"method\":\"xpath\",\"selector\":\"//p[text()='Invalid Tab Name']\"}\n  (Session info: chrome=140.0.7339.80)\nFor documentation on this error, please visit: https://www.selenium.dev/documentation/webdriver/troubleshooting/errors#no-such-element-exception\nBuild info: version: '4.34.0', revision: '707dcb4246*'\nSystem info: os.name: 'Windows 11', os.arch: 'amd64', os.version: '10.0', java.version: '17.0.15'\nDriver info: org.openqa.selenium.chrome.ChromeDriver\nCommand: [612d5721ad1de90820e26682d01ff9a7, findElement {using=xpath, value=//p[text()='Invalid Tab Name']}]\nCapabilities {acceptInsecureCerts: false, browserName: chrome, browserVersion: 140.0.7339.80, chrome: {chromedriverVersion: 140.0.7339.80 (670b6f192f46..., userDataDir: C:\\Users\\divya\\AppData\\Loca...}, fedcm:accounts: true, goog:chromeOptions: {debuggerAddress: localhost:63625}, networkConnectionEnabled: false, pageLoadStrategy: normal, platformName: windows, proxy: Proxy(), se:cdp: ws://localhost:63625/devtoo..., se:cdpVersion: 140.0.7339.80, setWindowRect: true, strictFileInteractability: false, timeouts: {implicit: 0, pageLoad: 300000, script: 30000}, unhandledPromptBehavior: dismiss and notify, webauthn:extension:credBlob: true, webauthn:extension:largeBlob: true, webauthn:extension:minPinLength: true, webauthn:extension:prf: true, webauthn:virtualAuthenticators: true}\nSession ID: 612d5721ad1de90820e26682d01ff9a7","status":"failed","stage":"finished","steps":[],"attachments":[],"parameters":[],"start":1757164403395,"stop":1757164403395},{"name":"Invalid Tab Name is not Displayed","status":"failed","stage":"finished","steps":[],"attachments":[],"parameters":[],"start":1757164403490,"stop":1757164403490}],"attachments":[{"name":"Tab Is not Displayed","source":"5b210402-c862-4552-9abe-0523c2dfa04e-attachment"}],"parameters":[],"start":1757164398270,"stop":1757164403498}],"attachments":[],"parameters":[{"name":"userName","value":"Admin"},{"name":"password","value":"admin123"},{"name":"tab","value":"Invalid Tab Name"}],"start":1757164383467,"stop":1757164403780}